Using pre-set license
Built from '2023.2/staging' branch; Version is '2023.2.19f1 (95c298372b1e) revision 9814680'; Using compiler version '193431935'; Build Type 'Release'
OS: 'Windows 11  (10.0.22631) 64bit Professional' Language: 'es' Physical Memory: 32681 MB
BatchMode: 1, IsHumanControllingUs: 0, StartBugReporterOnCrash: 0, Is64bit: 1, IsPro: 1

COMMAND LINE ARGUMENTS:
C:\Program Files\Unity\Hub\Editor\2023.2.19f1\Editor\Unity.exe
-adb2
-batchMode
-noUpm
-name
AssetImportWorker0
-projectPath
E:/Proyectos Master/Unity/Proyecto-Final-VR-/Projecto Final Math
-logFile
Logs/AssetImportWorker0.log
-srvPort
50797
-job-worker-count
7
-background-job-worker-count
8
-asset-garbage-collectors
1
Successfully changed project path to: E:/Proyectos Master/Unity/Proyecto-Final-VR-/Projecto Final Math
E:/Proyectos Master/Unity/Proyecto-Final-VR-/Projecto Final Math
[UnityMemory] Configuration Parameters - Can be set up in boot.config
    "memorysetup-bucket-allocator-granularity=16"
    "memorysetup-bucket-allocator-bucket-count=8"
    "memorysetup-bucket-allocator-block-size=33554432"
    "memorysetup-bucket-allocator-block-count=8"
    "memorysetup-main-allocator-block-size=16777216"
    "memorysetup-thread-allocator-block-size=16777216"
    "memorysetup-gfx-main-allocator-block-size=16777216"
    "memorysetup-gfx-thread-allocator-block-size=16777216"
    "memorysetup-cache-allocator-block-size=4194304"
    "memorysetup-typetree-allocator-block-size=2097152"
    "memorysetup-profiler-bucket-allocator-granularity=16"
    "memorysetup-profiler-bucket-allocator-bucket-count=8"
    "memorysetup-profiler-bucket-allocator-block-size=33554432"
    "memorysetup-profiler-bucket-allocator-block-count=8"
    "memorysetup-profiler-allocator-block-size=16777216"
    "memorysetup-profiler-editor-allocator-block-size=1048576"
    "memorysetup-temp-allocator-size-main=16777216"
    "memorysetup-job-temp-allocator-block-size=2097152"
    "memorysetup-job-temp-allocator-block-size-background=1048576"
    "memorysetup-job-temp-allocator-reduction-small-platforms=262144"
    "memorysetup-allocator-temp-initial-block-size-main=262144"
    "memorysetup-allocator-temp-initial-block-size-worker=262144"
    "memorysetup-temp-allocator-size-background-worker=32768"
    "memorysetup-temp-allocator-size-job-worker=262144"
    "memorysetup-temp-allocator-size-preload-manager=33554432"
    "memorysetup-temp-allocator-size-nav-mesh-worker=65536"
    "memorysetup-temp-allocator-size-audio-worker=65536"
    "memorysetup-temp-allocator-size-cloud-worker=32768"
    "memorysetup-temp-allocator-size-gi-baking-worker=262144"
    "memorysetup-temp-allocator-size-gi-baking-worker=262144"
    "memorysetup-temp-allocator-size-gi-baking-worker=262144"
    "memorysetup-temp-allocator-size-gi-baking-worker=262144"
    "memorysetup-temp-allocator-size-gfx=262144"
Player connection [7488] Host "[IP] 192.168.1.34 [Port] 0 [Flags] 2 [Guid] 705837417 [EditorId] 705837417 [Version] 1048832 [Id] WindowsEditor(7,Pc1) [Debug] 1 [PackageName] WindowsEditor [ProjectName] Editor" joined multi-casting on [225.0.0.222:54997]...
Player connection [7488] Host "[IP] 192.168.1.34 [Port] 0 [Flags] 2 [Guid] 705837417 [EditorId] 705837417 [Version] 1048832 [Id] WindowsEditor(7,Pc1) [Debug] 1 [PackageName] WindowsEditor [ProjectName] Editor" joined alternative multi-casting on [225.0.0.222:34997]...
JobSystem: Creating JobQueue using job-worker-count value 7
[Physics::Module] Initialized MultithreadedJobDispatcher with 7 workers.
Library Redirect Path: Library/
Refreshing native plugins compatible for Editor in 5.50 ms, found 11 plugins.
Preloading 3 native plugins for Editor in 2.14 ms.
Initialize engine version: 2023.2.19f1 (95c298372b1e)
[Subsystems] Discovering subsystems at path C:/Program Files/Unity/Hub/Editor/2023.2.19f1/Editor/Data/Resources/UnitySubsystems
[Subsystems] Discovering subsystems at path E:/Proyectos Master/Unity/Proyecto-Final-VR-/Projecto Final Math/Assets
GfxDevice: creating device client; kGfxThreadingModeNonThreaded
Direct3D:
    Version:  Direct3D 11.0 [level 11.1]
    Renderer: NVIDIA GeForce RTX 2080 (ID=0x1e82)
    Vendor:   NVIDIA
    VRAM:     7989 MB
    Driver:   31.0.15.5186
Shader 'Scene/HighlightsAndShadows': fallback shader 'Off' not found
Shader 'Oculus/OVRMRCameraFrameLit': fallback shader 'Alpha-Diffuse' not found
Initialize mono
Mono path[0] = 'C:/Program Files/Unity/Hub/Editor/2023.2.19f1/Editor/Data/Managed'
Mono path[1] = 'C:/Program Files/Unity/Hub/Editor/2023.2.19f1/Editor/Data/MonoBleedingEdge/lib/mono/unityjit-win32'
Mono config path = 'C:/Program Files/Unity/Hub/Editor/2023.2.19f1/Editor/Data/MonoBleedingEdge/etc'
Using monoOptions --debugger-agent=transport=dt_socket,embedding=1,server=y,suspend=n,address=127.0.0.1:56544
Begin MonoManager ReloadAssembly
Registering precompiled unity dll's ...
Register platform support module: C:/Program Files/Unity/Hub/Editor/2023.2.19f1/Editor/Data/PlaybackEngines/WindowsStandaloneSupport/UnityEditor.WindowsStandalone.Extensions.dll
Register platform support module: C:/Program Files/Unity/Hub/Editor/2023.2.19f1/Editor/Data/PlaybackEngines/AndroidPlayer/UnityEditor.Android.Extensions.dll
Registered in 0.003778 seconds.
- Loaded All Assemblies, in  0.384 seconds
Native extension for Android target not found
Android Extension - Scanning For ADB Devices 247 ms
Native extension for WindowsStandalone target not found
Mono: successfully reloaded assembly
- Finished resetting the current domain, in  0.612 seconds
Domain Reload Profiling: 994ms
	BeginReloadAssembly (121ms)
		ExecutionOrderSort (0ms)
		DisableScriptedObjects (0ms)
		BackupInstance (0ms)
		ReleaseScriptingObjects (0ms)
		CreateAndSetChildDomain (1ms)
	RebuildCommonClasses (36ms)
	RebuildNativeTypeToScriptingClass (13ms)
	initialDomainReloadingComplete (50ms)
	LoadAllAssembliesAndSetupDomain (162ms)
		LoadAssemblies (120ms)
		RebuildTransferFunctionScriptingTraits (0ms)
		AnalyzeDomain (158ms)
			TypeCache.Refresh (157ms)
				TypeCache.ScanAssembly (143ms)
			BuildScriptInfoCaches (0ms)
			ResolveRequiredComponents (0ms)
	FinalizeReload (613ms)
		ReleaseScriptCaches (0ms)
		RebuildScriptCaches (0ms)
		SetupLoadedEditorAssemblies (569ms)
			LogAssemblyErrors (0ms)
			InitializePlatformSupportModulesInManaged (358ms)
			SetLoadedEditorAssemblies (4ms)
			BeforeProcessingInitializeOnLoad (6ms)
			ProcessInitializeOnLoadAttributes (150ms)
			ProcessInitializeOnLoadMethodAttributes (51ms)
			AfterProcessingInitializeOnLoad (0ms)
			EditorAssembliesLoaded (0ms)
		ExecutionOrderSort2 (0ms)
		AwakeInstancesAfterBackupRestoration (0ms)
========================================================================
Worker process is ready to serve import requests
Import Worker Mode flag is 0x00
Begin MonoManager ReloadAssembly
- Loaded All Assemblies, in  0.902 seconds
Refreshing native plugins compatible for Editor in 3.64 ms, found 11 plugins.
Native extension for Android target not found
Native extension for WindowsStandalone target not found
Package Manager log level set to [2]
[Package Manager] Failed to launch server process. Reason: Unity was launched with the -noUpm command-line argument
[Package Manager] Unable to send message (not connected to server process).
[Package Manager] Cannot connect to Unity Package Manager local server
[Package Manager] Failed to launch server process. Reason: Unity was launched with the -noUpm command-line argument
[Package Manager] Unable to send message (not connected to server process).
[Package Manager] Cannot connect to Unity Package Manager local server
System.Reflection.TargetInvocationException: Exception has been thrown by the target of an invocation. ---> System.NullReferenceException: Object reference not set to an instance of an object
  at Unity.XR.Oculus.OculusLoader.AssetPathToAbsolutePath (System.String assetPath) [0x0003d] in .\Library\PackageCache\com.unity.xr.oculus@4.2.0\Runtime\OculusLoader.cs:298 
  at Unity.XR.Oculus.OculusLoader.EditorLoadOVRPlugin () [0x0008c] in .\Library\PackageCache\com.unity.xr.oculus@4.2.0\Runtime\OculusLoader.cs:283 
  at (wrapper managed-to-native) System.Reflection.RuntimeMethodInfo.InternalInvoke(System.Reflection.RuntimeMethodInfo,object,object[],System.Exception&)
  at System.Reflection.RuntimeMethodInfo.Invoke (System.Object obj, System.Reflection.BindingFlags invokeAttr, System.Reflection.Binder binder, System.Object[] parameters, System.Globalization.CultureInfo culture) [0x0006a] in <95ed0683fe0f4f0eb6282d82b174a62f>:0 
   --- End of inner exception stack trace ---
  at System.Reflection.RuntimeMethodInfo.Invoke (System.Object obj, System.Reflection.BindingFlags invokeAttr, System.Reflection.Binder binder, System.Object[] parameters, System.Globalization.CultureInfo culture) [0x00083] in <95ed0683fe0f4f0eb6282d82b174a62f>:0 
  at System.Reflection.MethodBase.Invoke (System.Object obj, System.Object[] parameters) [0x00000] in <95ed0683fe0f4f0eb6282d82b174a62f>:0 
  at UnityEditor.EditorAssemblies.ProcessInitializeOnLoadMethodAttributes () [0x00056] in <38281efc144b4d378ba04386ed3b7edb>:0 
UnityEngine.Debug:ExtractStackTraceNoAlloc (byte*,int,string)
UnityEngine.StackTraceUtility:ExtractStackTrace ()
UnityEngine.DebugLogHandler:Internal_Log (UnityEngine.LogType,UnityEngine.LogOption,string,UnityEngine.Object)
UnityEngine.DebugLogHandler:LogFormat (UnityEngine.LogType,UnityEngine.Object,string,object[])
UnityEngine.Logger:Log (UnityEngine.LogType,object)
UnityEngine.Debug:LogError (object)
UnityEditor.EditorAssemblies:ProcessInitializeOnLoadMethodAttributes ()

Mono: successfully reloaded assembly
[Package Manager] Failed to launch server process. Reason: Unity was launched with the -noUpm command-line argument
[Package Manager] Unable to send message (not connected to server process).
[Package Manager] Cannot connect to Unity Package Manager local server
[Package Manager] Failed to launch server process. Reason: Unity was launched with the -noUpm command-line argument
[Package Manager] Unable to send message (not connected to server process).
[Package Manager] Cannot connect to Unity Package Manager local server
- Finished resetting the current domain, in  0.669 seconds
Domain Reload Profiling: 1570ms
	BeginReloadAssembly (346ms)
		ExecutionOrderSort (0ms)
		DisableScriptedObjects (5ms)
		BackupInstance (0ms)
		ReleaseScriptingObjects (0ms)
		CreateAndSetChildDomain (29ms)
	RebuildCommonClasses (34ms)
	RebuildNativeTypeToScriptingClass (12ms)
	initialDomainReloadingComplete (34ms)
	LoadAllAssembliesAndSetupDomain (474ms)
		LoadAssemblies (322ms)
		RebuildTransferFunctionScriptingTraits (0ms)
		AnalyzeDomain (250ms)
			TypeCache.Refresh (200ms)
				TypeCache.ScanAssembly (180ms)
			BuildScriptInfoCaches (36ms)
			ResolveRequiredComponents (11ms)
	FinalizeReload (670ms)
		ReleaseScriptCaches (0ms)
		RebuildScriptCaches (0ms)
		SetupLoadedEditorAssemblies (518ms)
			LogAssemblyErrors (0ms)
			InitializePlatformSupportModulesInManaged (17ms)
			SetLoadedEditorAssemblies (6ms)
			BeforeProcessingInitializeOnLoad (57ms)
			ProcessInitializeOnLoadAttributes (380ms)
			ProcessInitializeOnLoadMethodAttributes (54ms)
			AfterProcessingInitializeOnLoad (3ms)
			EditorAssembliesLoaded (0ms)
		ExecutionOrderSort2 (0ms)
		AwakeInstancesAfterBackupRestoration (8ms)
Shader 'Scene/HighlightsAndShadows': fallback shader 'Off' not found
Shader 'Oculus/OVRMRCameraFrameLit': fallback shader 'Alpha-Diffuse' not found
Launched and connected shader compiler UnityShaderCompiler.exe after 0.01 seconds
Refreshing native plugins compatible for Editor in 7.03 ms, found 11 plugins.
Preloading 3 native plugins for Editor in 0.20 ms.
Unloading 79 Unused Serialized files (Serialized files now loaded: 0)
Unloading 4998 unused Assets / (1.4 MB). Loaded Objects now: 5630.
Memory consumption went from 136.8 MB to 135.4 MB.
Total: 10.758400 ms (FindLiveObjects: 0.926500 ms CreateObjectMapping: 0.880200 ms MarkObjects: 7.268800 ms  DeleteObjects: 1.681300 ms)

========================================================================
Received Import Request.
  Time since last request: 7852.123063 seconds.
  path: Assets/Resources/Models/Trees/Tree1.fbx
  artifactKey: Guid(4a4ddeb5ecee3624f8e9c4b38865261e) Importer(815301076,1909f56bfc062723c751e8b465ee728b)
Start importing Assets/Resources/Models/Trees/Tree1.fbx using Guid(4a4ddeb5ecee3624f8e9c4b38865261e) Importer(815301076,1909f56bfc062723c751e8b465ee728b) (PreviewImporter) -> (artifact id: 'c7bab7c3ee9c9c5427a66c51e310ef90') in 0.1946446 seconds
Number of updated asset objects reloaded before import = 0Number of asset objects unloaded after import = 9

========================================================================
Received Import Request.
  Time since last request: 13.371725 seconds.
  path: Assets/Resources/Models/Trees/Tree1.fbx
  artifactKey: Guid(4a4ddeb5ecee3624f8e9c4b38865261e) Importer(815301076,1909f56bfc062723c751e8b465ee728b)
Start importing Assets/Resources/Models/Trees/Tree1.fbx using Guid(4a4ddeb5ecee3624f8e9c4b38865261e) Importer(815301076,1909f56bfc062723c751e8b465ee728b) (PreviewImporter) -> (artifact id: '88dc3d178ea5bc84ed1ba90369bcbc4d') in 0.0304163 seconds
Number of updated asset objects reloaded before import = 0Number of asset objects unloaded after import = 9

========================================================================
Received Import Request.
  Time since last request: 995.038949 seconds.
  path: Assets/Resources/Models/Trees/Tree1.fbx
  artifactKey: Guid(4a4ddeb5ecee3624f8e9c4b38865261e) Importer(815301076,1909f56bfc062723c751e8b465ee728b)
Start importing Assets/Resources/Models/Trees/Tree1.fbx using Guid(4a4ddeb5ecee3624f8e9c4b38865261e) Importer(815301076,1909f56bfc062723c751e8b465ee728b) (PreviewImporter) -> (artifact id: '8473f6837f82bff61dfc802ce2225681') in 0.021136 seconds
Number of updated asset objects reloaded before import = 0Number of asset objects unloaded after import = 9

========================================================================
Received Import Request.
  Time since last request: 227.185374 seconds.
  path: Assets/Resources/Models/Trees/Tree1.fbx
  artifactKey: Guid(4a4ddeb5ecee3624f8e9c4b38865261e) Importer(815301076,1909f56bfc062723c751e8b465ee728b)
Start importing Assets/Resources/Models/Trees/Tree1.fbx using Guid(4a4ddeb5ecee3624f8e9c4b38865261e) Importer(815301076,1909f56bfc062723c751e8b465ee728b) (PreviewImporter) -> (artifact id: '80fee27b7b05c5eaab3258399c2084f4') in 0.0616743 seconds
Number of updated asset objects reloaded before import = 0Number of asset objects unloaded after import = 9

========================================================================
Received Import Request.
  Time since last request: 620.585665 seconds.
  path: Assets/Resources/Models/Trees
  artifactKey: Guid(be373ee6dbec9b54a8d7d6d559a554d5) Importer(815301076,1909f56bfc062723c751e8b465ee728b)
Start importing Assets/Resources/Models/Trees using Guid(be373ee6dbec9b54a8d7d6d559a554d5) Importer(815301076,1909f56bfc062723c751e8b465ee728b) (PreviewImporter) -> (artifact id: '0bbd4eb2aa682195469d0853ea7cf058') in 0.0007291 seconds
Number of updated asset objects reloaded before import = 0Number of asset objects unloaded after import = 0

========================================================================
Received Import Request.
  Time since last request: 11.255798 seconds.
  path: Assets/Resources/Models/Trees/Tree1
  artifactKey: Guid(82a6d9b4a52736a4a96f363960037de5) Importer(815301076,1909f56bfc062723c751e8b465ee728b)
Start importing Assets/Resources/Models/Trees/Tree1 using Guid(82a6d9b4a52736a4a96f363960037de5) Importer(815301076,1909f56bfc062723c751e8b465ee728b) (PreviewImporter) -> (artifact id: '8f8ebca5c33040adf1235dfc4a83b13a') in 0.0006507 seconds
Number of updated asset objects reloaded before import = 0Number of asset objects unloaded after import = 0

========================================================================
Received Import Request.
  Time since last request: 580.796439 seconds.
  path: Assets/Resources/Models/Trees/Tree1/Tree1.fbx
  artifactKey: Guid(f53326115fc87084a89f0a8b635675d8) Importer(815301076,1909f56bfc062723c751e8b465ee728b)
Start importing Assets/Resources/Models/Trees/Tree1/Tree1.fbx using Guid(f53326115fc87084a89f0a8b635675d8) Importer(815301076,1909f56bfc062723c751e8b465ee728b) (PreviewImporter) -> (artifact id: '41d8d3e11e3c6ab8949176becc81e985') in 0.07059 seconds
Number of updated asset objects reloaded before import = 0Number of asset objects unloaded after import = 9

========================================================================
Received Import Request.
  Time since last request: 8.293107 seconds.
  path: Assets/Resources/Models/Trees/Tree1/Tree1.fbx
  artifactKey: Guid(f53326115fc87084a89f0a8b635675d8) Importer(815301076,1909f56bfc062723c751e8b465ee728b)
Start importing Assets/Resources/Models/Trees/Tree1/Tree1.fbx using Guid(f53326115fc87084a89f0a8b635675d8) Importer(815301076,1909f56bfc062723c751e8b465ee728b) (PreviewImporter) -> (artifact id: '207dbf05307e00c37e25f40ef977d08e') in 0.0950056 seconds
Number of updated asset objects reloaded before import = 0Number of asset objects unloaded after import = 9

========================================================================
Received Import Request.
  Time since last request: 1864.218147 seconds.
  path: Assets/Resources/Models/Trees/Tree2
  artifactKey: Guid(f3bfb7d2e55f89f4987713d0098ce149) Importer(815301076,1909f56bfc062723c751e8b465ee728b)
Start importing Assets/Resources/Models/Trees/Tree2 using Guid(f3bfb7d2e55f89f4987713d0098ce149) Importer(815301076,1909f56bfc062723c751e8b465ee728b) (PreviewImporter) -> (artifact id: '7a44860889d2dcb4e26624e8c58b4826') in 0.0008348 seconds
Number of updated asset objects reloaded before import = 0Number of asset objects unloaded after import = 0

========================================================================
Received Import Request.
  Time since last request: 7.931749 seconds.
  path: Assets/Resources/Models/Trees/Tree3
  artifactKey: Guid(f5e31505d234d3e4da49438863abeb4d) Importer(815301076,1909f56bfc062723c751e8b465ee728b)
Start importing Assets/Resources/Models/Trees/Tree3 using Guid(f5e31505d234d3e4da49438863abeb4d) Importer(815301076,1909f56bfc062723c751e8b465ee728b) (PreviewImporter) -> (artifact id: '94f090941436df3ed9a0abd376f0c9c0') in 0.0005033 seconds
Number of updated asset objects reloaded before import = 0Number of asset objects unloaded after import = 0

========================================================================
Received Import Request.
  Time since last request: 10.229754 seconds.
  path: Assets/Resources/Models/Trees/Tree4
  artifactKey: Guid(78d9dfeb7cf1f694eaa2d268fb5beda0) Importer(815301076,1909f56bfc062723c751e8b465ee728b)
Start importing Assets/Resources/Models/Trees/Tree4 using Guid(78d9dfeb7cf1f694eaa2d268fb5beda0) Importer(815301076,1909f56bfc062723c751e8b465ee728b) (PreviewImporter) -> (artifact id: 'c0782bff09808b103f5300286ab88fd3') in 0.0004087 seconds
Number of updated asset objects reloaded before import = 0Number of asset objects unloaded after import = 0

========================================================================
Received Import Request.
  Time since last request: 9.796373 seconds.
  path: Assets/Resources/Models/Trees/Tree5
  artifactKey: Guid(a16021337b311024dbdc675d8149b95c) Importer(815301076,1909f56bfc062723c751e8b465ee728b)
Start importing Assets/Resources/Models/Trees/Tree5 using Guid(a16021337b311024dbdc675d8149b95c) Importer(815301076,1909f56bfc062723c751e8b465ee728b) (PreviewImporter) -> (artifact id: 'c5aed30a8534928da623028b971e4055') in 0.0004211 seconds
Number of updated asset objects reloaded before import = 0Number of asset objects unloaded after import = 0

========================================================================
Received Import Request.
  Time since last request: 318.092510 seconds.
  path: Assets/Resources/Models/Trees/Tree2/Tree2.fbx
  artifactKey: Guid(4964e5743a1806542856c00ddd957fe9) Importer(815301076,1909f56bfc062723c751e8b465ee728b)
Start importing Assets/Resources/Models/Trees/Tree2/Tree2.fbx using Guid(4964e5743a1806542856c00ddd957fe9) Importer(815301076,1909f56bfc062723c751e8b465ee728b) (PreviewImporter) -> (artifact id: '33b0663ceca81d3dad7dfb442aba8d5a') in 0.0525076 seconds
Number of updated asset objects reloaded before import = 0Number of asset objects unloaded after import = 9

========================================================================
Received Import Request.
  Time since last request: 7.648266 seconds.
  path: Assets/Resources/Models/Trees/Tree2/Tree2.fbx
  artifactKey: Guid(4964e5743a1806542856c00ddd957fe9) Importer(815301076,1909f56bfc062723c751e8b465ee728b)
Start importing Assets/Resources/Models/Trees/Tree2/Tree2.fbx using Guid(4964e5743a1806542856c00ddd957fe9) Importer(815301076,1909f56bfc062723c751e8b465ee728b) (PreviewImporter) -> (artifact id: '4bcacd3bf1b92fad38c87ea48710dd98') in 0.0184579 seconds
Number of updated asset objects reloaded before import = 0Number of asset objects unloaded after import = 9

========================================================================
Received Import Request.
  Time since last request: 6.490061 seconds.
  path: Assets/Resources/Models/Trees/Tree3/Tree3.fbx
  artifactKey: Guid(02237f066efc5014a86b9ae2ffc39c21) Importer(815301076,1909f56bfc062723c751e8b465ee728b)
Start importing Assets/Resources/Models/Trees/Tree3/Tree3.fbx using Guid(02237f066efc5014a86b9ae2ffc39c21) Importer(815301076,1909f56bfc062723c751e8b465ee728b) (PreviewImporter) -> (artifact id: 'f75681899345ec01f56ccf597eac1bfd') in 0.0251269 seconds
Number of updated asset objects reloaded before import = 0Number of asset objects unloaded after import = 9

========================================================================
Received Import Request.
  Time since last request: 4.956928 seconds.
  path: Assets/Resources/Models/Trees/Tree3/Tree3.fbx
  artifactKey: Guid(02237f066efc5014a86b9ae2ffc39c21) Importer(815301076,1909f56bfc062723c751e8b465ee728b)
Start importing Assets/Resources/Models/Trees/Tree3/Tree3.fbx using Guid(02237f066efc5014a86b9ae2ffc39c21) Importer(815301076,1909f56bfc062723c751e8b465ee728b) (PreviewImporter) -> (artifact id: 'de48db5f0e145ab71448966760f67198') in 0.0187423 seconds
Number of updated asset objects reloaded before import = 0Number of asset objects unloaded after import = 9

========================================================================
Received Import Request.
  Time since last request: 3.833005 seconds.
  path: Assets/Resources/Models/Trees/Tree4/Tree4.fbx
  artifactKey: Guid(4e9340d25a59aed45ae55d7215f3fc8c) Importer(815301076,1909f56bfc062723c751e8b465ee728b)
Start importing Assets/Resources/Models/Trees/Tree4/Tree4.fbx using Guid(4e9340d25a59aed45ae55d7215f3fc8c) Importer(815301076,1909f56bfc062723c751e8b465ee728b) (PreviewImporter) -> (artifact id: '15838e3403d5655d9c1324fd970fd7ba') in 0.0181511 seconds
Number of updated asset objects reloaded before import = 0Number of asset objects unloaded after import = 9

========================================================================
Received Import Request.
  Time since last request: 7.015804 seconds.
  path: Assets/Resources/Models/Trees/Tree4/Tree4.fbx
  artifactKey: Guid(4e9340d25a59aed45ae55d7215f3fc8c) Importer(815301076,1909f56bfc062723c751e8b465ee728b)
Start importing Assets/Resources/Models/Trees/Tree4/Tree4.fbx using Guid(4e9340d25a59aed45ae55d7215f3fc8c) Importer(815301076,1909f56bfc062723c751e8b465ee728b) (PreviewImporter) -> (artifact id: 'c090d39b5e1b9ff97db21623831c217e') in 0.0211123 seconds
Number of updated asset objects reloaded before import = 0Number of asset objects unloaded after import = 9

========================================================================
Received Import Request.
  Time since last request: 1.948044 seconds.
  path: Assets/Resources/Models/Trees/Tree5/Tree5.fbx
  artifactKey: Guid(238687ab2295285499b8881b5bf961d5) Importer(815301076,1909f56bfc062723c751e8b465ee728b)
Start importing Assets/Resources/Models/Trees/Tree5/Tree5.fbx using Guid(238687ab2295285499b8881b5bf961d5) Importer(815301076,1909f56bfc062723c751e8b465ee728b) (PreviewImporter) -> (artifact id: 'da4247d0da9770f8a150c7e829a8a0f2') in 0.0196081 seconds
Number of updated asset objects reloaded before import = 0Number of asset objects unloaded after import = 9

========================================================================
Received Import Request.
  Time since last request: 6.668443 seconds.
  path: Assets/Resources/Models/Trees/Tree5/Tree5.fbx
  artifactKey: Guid(238687ab2295285499b8881b5bf961d5) Importer(815301076,1909f56bfc062723c751e8b465ee728b)
Start importing Assets/Resources/Models/Trees/Tree5/Tree5.fbx using Guid(238687ab2295285499b8881b5bf961d5) Importer(815301076,1909f56bfc062723c751e8b465ee728b) (PreviewImporter) -> (artifact id: '301d1e2ada8224eed1f9cc30453dc151') in 0.0153449 seconds
Number of updated asset objects reloaded before import = 0Number of asset objects unloaded after import = 9

========================================================================
Received Import Request.
  Time since last request: 3182.037474 seconds.
  path: Assets/Resources/Models/Trees/Tree2/Materials
  artifactKey: Guid(4395feeaeb9c96543afe3df3887216ce) Importer(815301076,1909f56bfc062723c751e8b465ee728b)
Start importing Assets/Resources/Models/Trees/Tree2/Materials using Guid(4395feeaeb9c96543afe3df3887216ce) Importer(815301076,1909f56bfc062723c751e8b465ee728b) (PreviewImporter) -> (artifact id: 'c91d98587cb914bd28b2c9afdb71b852') in 0.0008235 seconds
Number of updated asset objects reloaded before import = 0Number of asset objects unloaded after import = 0

========================================================================
Received Import Request.
  Time since last request: 0.429335 seconds.
  path: Assets/Resources/Models/Trees/Tree2/Tree2.fbm
  artifactKey: Guid(012742fe355acf74882ea8ae6d85573a) Importer(815301076,1909f56bfc062723c751e8b465ee728b)
Start importing Assets/Resources/Models/Trees/Tree2/Tree2.fbm using Guid(012742fe355acf74882ea8ae6d85573a) Importer(815301076,1909f56bfc062723c751e8b465ee728b) (PreviewImporter) -> (artifact id: '85a7a0a68bcfde2cd8e05501fac1bb21') in 0.0004006 seconds
Number of updated asset objects reloaded before import = 0Number of asset objects unloaded after import = 0

========================================================================
Received Import Request.
  Time since last request: 6.294728 seconds.
  path: Assets/Resources/Models/Trees/Tree3/Materials
  artifactKey: Guid(25a5e4e721fdee84fa23da84dd27cc13) Importer(815301076,1909f56bfc062723c751e8b465ee728b)
Start importing Assets/Resources/Models/Trees/Tree3/Materials using Guid(25a5e4e721fdee84fa23da84dd27cc13) Importer(815301076,1909f56bfc062723c751e8b465ee728b) (PreviewImporter) -> (artifact id: 'e94847567f68b88be93393ee23ce3bb0') in 0.0003977 seconds
Number of updated asset objects reloaded before import = 0Number of asset objects unloaded after import = 0

========================================================================
Received Import Request.
  Time since last request: 6.356386 seconds.
  path: Assets/Resources/Models/Trees/Tree4/Materials
  artifactKey: Guid(559947b68d081eb4d97b3a390db11eb5) Importer(815301076,1909f56bfc062723c751e8b465ee728b)
Start importing Assets/Resources/Models/Trees/Tree4/Materials using Guid(559947b68d081eb4d97b3a390db11eb5) Importer(815301076,1909f56bfc062723c751e8b465ee728b) (PreviewImporter) -> (artifact id: '272c93ba5511d2a461321942e6d83927') in 0.0003948 seconds
Number of updated asset objects reloaded before import = 0Number of asset objects unloaded after import = 0

========================================================================
Received Import Request.
  Time since last request: 8.132330 seconds.
  path: Assets/Resources/Models/Trees/Tree5/Materials
  artifactKey: Guid(cae782d16bce8d144ad150d331581c60) Importer(815301076,1909f56bfc062723c751e8b465ee728b)
Start importing Assets/Resources/Models/Trees/Tree5/Materials using Guid(cae782d16bce8d144ad150d331581c60) Importer(815301076,1909f56bfc062723c751e8b465ee728b) (PreviewImporter) -> (artifact id: 'fc67452fb24bf975a8a201b00b383460') in 0.0003951 seconds
Number of updated asset objects reloaded before import = 0Number of asset objects unloaded after import = 0

========================================================================
Received Import Request.
  Time since last request: 105.336487 seconds.
  path: Assets/Resources/Models/Trees/Tree2/Tree2.fbx
  artifactKey: Guid(4964e5743a1806542856c00ddd957fe9) Importer(815301076,1909f56bfc062723c751e8b465ee728b)
Start importing Assets/Resources/Models/Trees/Tree2/Tree2.fbx using Guid(4964e5743a1806542856c00ddd957fe9) Importer(815301076,1909f56bfc062723c751e8b465ee728b) (PreviewImporter) -> (artifact id: 'ed93d1966b72a1f323ac4f177f64f653') in 0.0935414 seconds
Number of updated asset objects reloaded before import = 0Number of asset objects unloaded after import = 9

========================================================================
Received Import Request.
  Time since last request: 5.604786 seconds.
  path: Assets/Resources/Models/Trees/Tree2/Tree2.fbx
  artifactKey: Guid(4964e5743a1806542856c00ddd957fe9) Importer(815301076,1909f56bfc062723c751e8b465ee728b)
Start importing Assets/Resources/Models/Trees/Tree2/Tree2.fbx using Guid(4964e5743a1806542856c00ddd957fe9) Importer(815301076,1909f56bfc062723c751e8b465ee728b) (PreviewImporter) -> (artifact id: '1e8f99c234c0a1cf75a5d3b978fe989f') in 0.0225196 seconds
Number of updated asset objects reloaded before import = 0Number of asset objects unloaded after import = 9

========================================================================
Received Import Request.
  Time since last request: 4.251334 seconds.
  path: Assets/Resources/Models/Trees/Tree3/Tree3.fbx
  artifactKey: Guid(02237f066efc5014a86b9ae2ffc39c21) Importer(815301076,1909f56bfc062723c751e8b465ee728b)
Start importing Assets/Resources/Models/Trees/Tree3/Tree3.fbx using Guid(02237f066efc5014a86b9ae2ffc39c21) Importer(815301076,1909f56bfc062723c751e8b465ee728b) (PreviewImporter) -> (artifact id: '7c741fa664b17797c7d4048173706429') in 0.017803 seconds
Number of updated asset objects reloaded before import = 0Number of asset objects unloaded after import = 9

========================================================================
Received Import Request.
  Time since last request: 4.332707 seconds.
  path: Assets/Resources/Models/Trees/Tree3/Tree3.fbx
  artifactKey: Guid(02237f066efc5014a86b9ae2ffc39c21) Importer(815301076,1909f56bfc062723c751e8b465ee728b)
Start importing Assets/Resources/Models/Trees/Tree3/Tree3.fbx using Guid(02237f066efc5014a86b9ae2ffc39c21) Importer(815301076,1909f56bfc062723c751e8b465ee728b) (PreviewImporter) -> (artifact id: 'e99b5f542f44e6d8c3765838ca117bc5') in 0.0189899 seconds
Number of updated asset objects reloaded before import = 0Number of asset objects unloaded after import = 9

========================================================================
Received Import Request.
  Time since last request: 11.118456 seconds.
  path: Assets/Resources/Models/Trees/Tree4/Tree4.fbx
  artifactKey: Guid(4e9340d25a59aed45ae55d7215f3fc8c) Importer(815301076,1909f56bfc062723c751e8b465ee728b)
Start importing Assets/Resources/Models/Trees/Tree4/Tree4.fbx using Guid(4e9340d25a59aed45ae55d7215f3fc8c) Importer(815301076,1909f56bfc062723c751e8b465ee728b) (PreviewImporter) -> (artifact id: '70db4a2fb216b3aaa0fde38094be7879') in 0.0172022 seconds
Number of updated asset objects reloaded before import = 0Number of asset objects unloaded after import = 9

========================================================================
Received Import Request.
  Time since last request: 3.251318 seconds.
  path: Assets/Resources/Models/Trees/Tree4/Tree4.fbx
  artifactKey: Guid(4e9340d25a59aed45ae55d7215f3fc8c) Importer(815301076,1909f56bfc062723c751e8b465ee728b)
Start importing Assets/Resources/Models/Trees/Tree4/Tree4.fbx using Guid(4e9340d25a59aed45ae55d7215f3fc8c) Importer(815301076,1909f56bfc062723c751e8b465ee728b) (PreviewImporter) -> (artifact id: '34de9eda2109ca08519e707c70d379e7') in 0.0199895 seconds
Number of updated asset objects reloaded before import = 0Number of asset objects unloaded after import = 9

========================================================================
Received Import Request.
  Time since last request: 9.144273 seconds.
  path: Assets/Resources/Models/Trees/Tree5/Tree5.fbx
  artifactKey: Guid(238687ab2295285499b8881b5bf961d5) Importer(815301076,1909f56bfc062723c751e8b465ee728b)
Start importing Assets/Resources/Models/Trees/Tree5/Tree5.fbx using Guid(238687ab2295285499b8881b5bf961d5) Importer(815301076,1909f56bfc062723c751e8b465ee728b) (PreviewImporter) -> (artifact id: '3df10891d9bb599a73317d88220d25f3') in 0.0163285 seconds
Number of updated asset objects reloaded before import = 0Number of asset objects unloaded after import = 9

========================================================================
Received Import Request.
  Time since last request: 4.588465 seconds.
  path: Assets/Resources/Models/Trees/Tree5/Tree5.fbx
  artifactKey: Guid(238687ab2295285499b8881b5bf961d5) Importer(815301076,1909f56bfc062723c751e8b465ee728b)
Start importing Assets/Resources/Models/Trees/Tree5/Tree5.fbx using Guid(238687ab2295285499b8881b5bf961d5) Importer(815301076,1909f56bfc062723c751e8b465ee728b) (PreviewImporter) -> (artifact id: '56f5979103bd9e62fb63aaf2c52799fb') in 0.0210298 seconds
Number of updated asset objects reloaded before import = 0Number of asset objects unloaded after import = 9

========================================================================
Received Import Request.
  Time since last request: 1516.640104 seconds.
  path: Assets/Resources/Models/Grass/Grass1.fbx
  artifactKey: Guid(541a9959f6a7b20469cacaa6d3fb1a40) Importer(815301076,1909f56bfc062723c751e8b465ee728b)
Start importing Assets/Resources/Models/Grass/Grass1.fbx using Guid(541a9959f6a7b20469cacaa6d3fb1a40) Importer(815301076,1909f56bfc062723c751e8b465ee728b) (PreviewImporter) -> (artifact id: 'aa66ff0e26a612871867edcebef2008d') in 0.1187467 seconds
Number of updated asset objects reloaded before import = 0Number of asset objects unloaded after import = 36

========================================================================
Received Import Request.
  Time since last request: 7.045920 seconds.
  path: Assets/Resources/Models/Grass/Grass1.fbx
  artifactKey: Guid(541a9959f6a7b20469cacaa6d3fb1a40) Importer(815301076,1909f56bfc062723c751e8b465ee728b)
Start importing Assets/Resources/Models/Grass/Grass1.fbx using Guid(541a9959f6a7b20469cacaa6d3fb1a40) Importer(815301076,1909f56bfc062723c751e8b465ee728b) (PreviewImporter) -> (artifact id: 'dc75d7f64dce7a0c296e96ee483e59be') in 0.1281725 seconds
Number of updated asset objects reloaded before import = 0Number of asset objects unloaded after import = 36

